2020-01-20 15:08:21.155  INFO 10632 --- [restartedMain] c.mci.pma.ProjectManagementApplication   : Starting ProjectManagementApplication on DESKTOP-TRHK1TH with PID 10632 (D:\Tuto\Workspace\spring\project-management\target\classes started by Gzmar in D:\Tuto\Workspace\spring\project-management)
2020-01-20 15:08:21.160 DEBUG 10632 --- [restartedMain] c.mci.pma.ProjectManagementApplication   : Running with Spring Boot v2.1.4.RELEASE, Spring v5.1.6.RELEASE
2020-01-20 15:08:21.160  INFO 10632 --- [restartedMain] c.mci.pma.ProjectManagementApplication   : The following profiles are active: dev
2020-01-20 15:08:21.203  INFO 10632 --- [restartedMain] .e.DevToolsPropertyDefaultsPostProcessor : Devtools property defaults active! Set 'spring.devtools.add-properties' to 'false' to disable
2020-01-20 15:08:21.203  INFO 10632 --- [restartedMain] .e.DevToolsPropertyDefaultsPostProcessor : For additional web related logging consider setting the 'logging.level.web' property to 'DEBUG'
2020-01-20 15:08:21.956  INFO 10632 --- [restartedMain] .s.d.r.c.RepositoryConfigurationDelegate : Bootstrapping Spring Data repositories in DEFAULT mode.
2020-01-20 15:08:22.021  INFO 10632 --- [restartedMain] .s.d.r.c.RepositoryConfigurationDelegate : Finished Spring Data repository scanning in 56ms. Found 3 repository interfaces.
2020-01-20 15:08:22.390  INFO 10632 --- [restartedMain] trationDelegate$BeanPostProcessorChecker : Bean 'org.springframework.transaction.annotation.ProxyTransactionManagementConfiguration' of type [org.springframework.transaction.annotation.ProxyTransactionManagementConfiguration$$EnhancerBySpringCGLIB$$bec1cb33] is not eligible for getting processed by all BeanPostProcessors (for example: not eligible for auto-proxying)
2020-01-20 15:08:22.831  INFO 10632 --- [restartedMain] o.s.b.w.embedded.tomcat.TomcatWebServer  : Tomcat initialized with port(s): 8080 (http)
2020-01-20 15:08:22.949  INFO 10632 --- [restartedMain] o.s.web.context.ContextLoader            : Root WebApplicationContext: initialization completed in 1745 ms
2020-01-20 15:08:24.599  INFO 10632 --- [restartedMain] j.LocalContainerEntityManagerFactoryBean : Initialized JPA EntityManagerFactory for persistence unit 'default'
2020-01-20 15:08:25.194  INFO 10632 --- [restartedMain] o.s.s.web.DefaultSecurityFilterChain     : Creating filter chain: any request, [org.springframework.security.web.context.request.async.WebAsyncManagerIntegrationFilter@16839268, org.springframework.security.web.context.SecurityContextPersistenceFilter@61ec5ec6, org.springframework.security.web.header.HeaderWriterFilter@6f901220, org.springframework.security.web.authentication.logout.LogoutFilter@75fc00ac, org.springframework.security.web.authentication.UsernamePasswordAuthenticationFilter@49520d3c, org.springframework.security.web.authentication.ui.DefaultLoginPageGeneratingFilter@6f34ca69, org.springframework.security.web.authentication.ui.DefaultLogoutPageGeneratingFilter@4c568192, org.springframework.security.web.savedrequest.RequestCacheAwareFilter@24077aab, org.springframework.security.web.servletapi.SecurityContextHolderAwareRequestFilter@7e017ab, org.springframework.security.web.authentication.AnonymousAuthenticationFilter@42921dac, org.springframework.security.web.session.SessionManagementFilter@63a3dbcf, org.springframework.security.web.access.ExceptionTranslationFilter@47953fc6, org.springframework.security.web.access.intercept.FilterSecurityInterceptor@b340ea0]
2020-01-20 15:08:25.321  INFO 10632 --- [restartedMain] o.s.s.concurrent.ThreadPoolTaskExecutor  : Initializing ExecutorService 'applicationTaskExecutor'
2020-01-20 15:08:25.353  WARN 10632 --- [restartedMain] aWebConfiguration$JpaWebMvcConfiguration : spring.jpa.open-in-view is enabled by default. Therefore, database queries may be performed during view rendering. Explicitly configure spring.jpa.open-in-view to disable this warning
2020-01-20 15:08:25.602  INFO 10632 --- [restartedMain] o.s.b.d.a.OptionalLiveReloadServer       : LiveReload server is running on port 35729
2020-01-20 15:08:25.656  INFO 10632 --- [restartedMain] o.s.b.w.embedded.tomcat.TomcatWebServer  : Tomcat started on port(s): 8080 (http) with context path ''
2020-01-20 15:08:25.658  INFO 10632 --- [restartedMain] c.mci.pma.ProjectManagementApplication   : Started ProjectManagementApplication in 4.815 seconds (JVM running for 5.811)
2020-01-20 15:08:49.526  INFO 10632 --- [http-nio-8080-exec-1] o.s.web.servlet.DispatcherServlet        : Initializing Servlet 'dispatcherServlet'
2020-01-20 15:08:49.542  INFO 10632 --- [http-nio-8080-exec-1] o.s.web.servlet.DispatcherServlet        : Completed initialization in 16 ms
2020-01-20 15:11:06.621  WARN 10632 --- [http-nio-8080-exec-5] .w.s.m.s.DefaultHandlerExceptionResolver : Resolved [org.springframework.web.bind.MethodArgumentNotValidException: Validation failed for argument [0] in public com.mci.pma.entities.Employee com.mci.pma.api.controllers.EmployeeApiController.create(com.mci.pma.entities.Employee): [Field error in object 'employee' on field 'email': rejected value [laaaaaaaanister@gmail.com]; codes [UniqueValue.employee.email,UniqueValue.email,UniqueValue.java.lang.String,UniqueValue]; arguments [org.springframework.context.support.DefaultMessageSourceResolvable: codes [employee.email,email]; arguments []; default message [email]]; default message [Unique Constraint violated]] ]
2020-01-20 15:11:06.628  WARN 10632 --- [http-nio-8080-exec-5] .w.s.m.s.DefaultHandlerExceptionResolver : Resolved [org.springframework.web.HttpRequestMethodNotSupportedException: Request method 'POST' not supported]
2020-01-20 15:14:24.191  INFO 10632 --- [Thread-9] o.s.s.concurrent.ThreadPoolTaskExecutor  : Shutting down ExecutorService 'applicationTaskExecutor'
2020-01-20 15:14:24.196  INFO 10632 --- [Thread-9] j.LocalContainerEntityManagerFactoryBean : Closing JPA EntityManagerFactory for persistence unit 'default'
2020-01-20 15:14:24.619  INFO 10632 --- [restartedMain] c.mci.pma.ProjectManagementApplication   : Starting ProjectManagementApplication on DESKTOP-TRHK1TH with PID 10632 (D:\Tuto\Workspace\spring\project-management\target\classes started by Gzmar in D:\Tuto\Workspace\spring\project-management)
2020-01-20 15:14:24.619 DEBUG 10632 --- [restartedMain] c.mci.pma.ProjectManagementApplication   : Running with Spring Boot v2.1.4.RELEASE, Spring v5.1.6.RELEASE
2020-01-20 15:14:24.619  INFO 10632 --- [restartedMain] c.mci.pma.ProjectManagementApplication   : The following profiles are active: dev
2020-01-20 15:14:24.826  INFO 10632 --- [restartedMain] .s.d.r.c.RepositoryConfigurationDelegate : Bootstrapping Spring Data repositories in DEFAULT mode.
2020-01-20 15:14:24.844  INFO 10632 --- [restartedMain] .s.d.r.c.RepositoryConfigurationDelegate : Finished Spring Data repository scanning in 17ms. Found 3 repository interfaces.
2020-01-20 15:14:24.921  INFO 10632 --- [restartedMain] trationDelegate$BeanPostProcessorChecker : Bean 'org.springframework.transaction.annotation.ProxyTransactionManagementConfiguration' of type [org.springframework.transaction.annotation.ProxyTransactionManagementConfiguration$$EnhancerBySpringCGLIB$$bec1cb33] is not eligible for getting processed by all BeanPostProcessors (for example: not eligible for auto-proxying)
2020-01-20 15:14:25.056  INFO 10632 --- [restartedMain] o.s.b.w.embedded.tomcat.TomcatWebServer  : Tomcat initialized with port(s): 8080 (http)
2020-01-20 15:14:25.087  INFO 10632 --- [restartedMain] o.s.web.context.ContextLoader            : Root WebApplicationContext: initialization completed in 466 ms
2020-01-20 15:14:25.340  INFO 10632 --- [restartedMain] j.LocalContainerEntityManagerFactoryBean : Initialized JPA EntityManagerFactory for persistence unit 'default'
2020-01-20 15:14:25.469  INFO 10632 --- [restartedMain] o.s.s.web.DefaultSecurityFilterChain     : Creating filter chain: any request, [org.springframework.security.web.context.request.async.WebAsyncManagerIntegrationFilter@7f36c6bc, org.springframework.security.web.context.SecurityContextPersistenceFilter@29e88d29, org.springframework.security.web.header.HeaderWriterFilter@357353b8, org.springframework.security.web.authentication.logout.LogoutFilter@4b43ffba, org.springframework.security.web.authentication.UsernamePasswordAuthenticationFilter@b04678e, org.springframework.security.web.authentication.ui.DefaultLoginPageGeneratingFilter@26afaf83, org.springframework.security.web.authentication.ui.DefaultLogoutPageGeneratingFilter@7b1a182e, org.springframework.security.web.savedrequest.RequestCacheAwareFilter@c433381, org.springframework.security.web.servletapi.SecurityContextHolderAwareRequestFilter@23025f22, org.springframework.security.web.authentication.AnonymousAuthenticationFilter@336bdc4b, org.springframework.security.web.session.SessionManagementFilter@4488341d, org.springframework.security.web.access.ExceptionTranslationFilter@18a7b520, org.springframework.security.web.access.intercept.FilterSecurityInterceptor@1aaa4264]
2020-01-20 15:14:25.542  INFO 10632 --- [restartedMain] o.s.s.concurrent.ThreadPoolTaskExecutor  : Initializing ExecutorService 'applicationTaskExecutor'
2020-01-20 15:14:25.551  WARN 10632 --- [restartedMain] aWebConfiguration$JpaWebMvcConfiguration : spring.jpa.open-in-view is enabled by default. Therefore, database queries may be performed during view rendering. Explicitly configure spring.jpa.open-in-view to disable this warning
2020-01-20 15:14:25.562  WARN 10632 --- [restartedMain] ConfigServletWebServerApplicationContext : Exception encountered during context initialization - cancelling refresh attempt: org.springframework.beans.factory.BeanCreationException: Error creating bean with name 'requestMappingHandlerMapping' defined in class path resource [org/springframework/boot/autoconfigure/web/servlet/WebMvcAutoConfiguration$EnableWebMvcConfiguration.class]: Invocation of init method failed; nested exception is java.lang.IllegalStateException: Ambiguous mapping. Cannot map 'projectApiController' method 
public com.mci.pma.entities.Employee com.mci.pma.api.controllers.ProjectApiController.update(com.mci.pma.entities.Employee)
to {PUT /app-api/employees, consumes [application/json]}: There is already 'employeeApiController' bean method
public com.mci.pma.entities.Employee com.mci.pma.api.controllers.EmployeeApiController.update(com.mci.pma.entities.Employee) mapped.
2020-01-20 15:14:25.563  INFO 10632 --- [restartedMain] o.s.s.concurrent.ThreadPoolTaskExecutor  : Shutting down ExecutorService 'applicationTaskExecutor'
2020-01-20 15:14:25.564  INFO 10632 --- [restartedMain] j.LocalContainerEntityManagerFactoryBean : Closing JPA EntityManagerFactory for persistence unit 'default'
2020-01-20 15:14:25.607  INFO 10632 --- [restartedMain] ConditionEvaluationReportLoggingListener : 

Error starting ApplicationContext. To display the conditions report re-run your application with 'debug' enabled.
2020-01-20 15:14:25.620 ERROR 10632 --- [restartedMain] o.s.boot.SpringApplication               : Application run failed

org.springframework.beans.factory.BeanCreationException: Error creating bean with name 'requestMappingHandlerMapping' defined in class path resource [org/springframework/boot/autoconfigure/web/servlet/WebMvcAutoConfiguration$EnableWebMvcConfiguration.class]: Invocation of init method failed; nested exception is java.lang.IllegalStateException: Ambiguous mapping. Cannot map 'projectApiController' method 
public com.mci.pma.entities.Employee com.mci.pma.api.controllers.ProjectApiController.update(com.mci.pma.entities.Employee)
to {PUT /app-api/employees, consumes [application/json]}: There is already 'employeeApiController' bean method
public com.mci.pma.entities.Employee com.mci.pma.api.controllers.EmployeeApiController.update(com.mci.pma.entities.Employee) mapped.
	at org.springframework.beans.factory.support.AbstractAutowireCapableBeanFactory.initializeBean(AbstractAutowireCapableBeanFactory.java:1778) ~[spring-beans-5.1.6.RELEASE.jar:5.1.6.RELEASE]
	at org.springframework.beans.factory.support.AbstractAutowireCapableBeanFactory.doCreateBean(AbstractAutowireCapableBeanFactory.java:593) ~[spring-beans-5.1.6.RELEASE.jar:5.1.6.RELEASE]
	at org.springframework.beans.factory.support.AbstractAutowireCapableBeanFactory.createBean(AbstractAutowireCapableBeanFactory.java:515) ~[spring-beans-5.1.6.RELEASE.jar:5.1.6.RELEASE]
	at org.springframework.beans.factory.support.AbstractBeanFactory.lambda$doGetBean$0(AbstractBeanFactory.java:320) ~[spring-beans-5.1.6.RELEASE.jar:5.1.6.RELEASE]
	at org.springframework.beans.factory.support.DefaultSingletonBeanRegistry.getSingleton(DefaultSingletonBeanRegistry.java:222) ~[spring-beans-5.1.6.RELEASE.jar:5.1.6.RELEASE]
	at org.springframework.beans.factory.support.AbstractBeanFactory.doGetBean(AbstractBeanFactory.java:318) ~[spring-beans-5.1.6.RELEASE.jar:5.1.6.RELEASE]
	at org.springframework.beans.factory.support.AbstractBeanFactory.getBean(AbstractBeanFactory.java:199) ~[spring-beans-5.1.6.RELEASE.jar:5.1.6.RELEASE]
	at org.springframework.beans.factory.support.DefaultListableBeanFactory.preInstantiateSingletons(DefaultListableBeanFactory.java:849) ~[spring-beans-5.1.6.RELEASE.jar:5.1.6.RELEASE]
	at org.springframework.context.support.AbstractApplicationContext.finishBeanFactoryInitialization(AbstractApplicationContext.java:877) ~[spring-context-5.1.6.RELEASE.jar:5.1.6.RELEASE]
	at org.springframework.context.support.AbstractApplicationContext.refresh(AbstractApplicationContext.java:549) ~[spring-context-5.1.6.RELEASE.jar:5.1.6.RELEASE]
	at org.springframework.boot.web.servlet.context.ServletWebServerApplicationContext.refresh(ServletWebServerApplicationContext.java:142) ~[spring-boot-2.1.4.RELEASE.jar:2.1.4.RELEASE]
	at org.springframework.boot.SpringApplication.refresh(SpringApplication.java:775) [spring-boot-2.1.4.RELEASE.jar:2.1.4.RELEASE]
	at org.springframework.boot.SpringApplication.refreshContext(SpringApplication.java:397) [spring-boot-2.1.4.RELEASE.jar:2.1.4.RELEASE]
	at org.springframework.boot.SpringApplication.run(SpringApplication.java:316) [spring-boot-2.1.4.RELEASE.jar:2.1.4.RELEASE]
	at org.springframework.boot.SpringApplication.run(SpringApplication.java:1260) [spring-boot-2.1.4.RELEASE.jar:2.1.4.RELEASE]
	at org.springframework.boot.SpringApplication.run(SpringApplication.java:1248) [spring-boot-2.1.4.RELEASE.jar:2.1.4.RELEASE]
	at com.mci.pma.ProjectManagementApplication.main(ProjectManagementApplication.java:20) [classes/:na]
	at sun.reflect.NativeMethodAccessorImpl.invoke0(Native Method) ~[na:1.8.0_231]
	at sun.reflect.NativeMethodAccessorImpl.invoke(NativeMethodAccessorImpl.java:62) ~[na:1.8.0_231]
	at sun.reflect.DelegatingMethodAccessorImpl.invoke(DelegatingMethodAccessorImpl.java:43) ~[na:1.8.0_231]
	at java.lang.reflect.Method.invoke(Method.java:498) ~[na:1.8.0_231]
	at org.springframework.boot.devtools.restart.RestartLauncher.run(RestartLauncher.java:49) [spring-boot-devtools-2.1.4.RELEASE.jar:2.1.4.RELEASE]
Caused by: java.lang.IllegalStateException: Ambiguous mapping. Cannot map 'projectApiController' method 
public com.mci.pma.entities.Employee com.mci.pma.api.controllers.ProjectApiController.update(com.mci.pma.entities.Employee)
to {PUT /app-api/employees, consumes [application/json]}: There is already 'employeeApiController' bean method
public com.mci.pma.entities.Employee com.mci.pma.api.controllers.EmployeeApiController.update(com.mci.pma.entities.Employee) mapped.
	at org.springframework.web.servlet.handler.AbstractHandlerMethodMapping$MappingRegistry.assertUniqueMethodMapping(AbstractHandlerMethodMapping.java:618) ~[spring-webmvc-5.1.6.RELEASE.jar:5.1.6.RELEASE]
	at org.springframework.web.servlet.handler.AbstractHandlerMethodMapping$MappingRegistry.register(AbstractHandlerMethodMapping.java:586) ~[spring-webmvc-5.1.6.RELEASE.jar:5.1.6.RELEASE]
	at org.springframework.web.servlet.handler.AbstractHandlerMethodMapping.registerHandlerMethod(AbstractHandlerMethodMapping.java:312) ~[spring-webmvc-5.1.6.RELEASE.jar:5.1.6.RELEASE]
	at org.springframework.web.servlet.handler.AbstractHandlerMethodMapping.lambda$detectHandlerMethods$1(AbstractHandlerMethodMapping.java:282) ~[spring-webmvc-5.1.6.RELEASE.jar:5.1.6.RELEASE]
	at java.util.LinkedHashMap.forEach(LinkedHashMap.java:684) ~[na:1.8.0_231]
	at org.springframework.web.servlet.handler.AbstractHandlerMethodMapping.detectHandlerMethods(AbstractHandlerMethodMapping.java:280) ~[spring-webmvc-5.1.6.RELEASE.jar:5.1.6.RELEASE]
	at org.springframework.web.servlet.handler.AbstractHandlerMethodMapping.processCandidateBean(AbstractHandlerMethodMapping.java:252) ~[spring-webmvc-5.1.6.RELEASE.jar:5.1.6.RELEASE]
	at org.springframework.web.servlet.handler.AbstractHandlerMethodMapping.initHandlerMethods(AbstractHandlerMethodMapping.java:211) ~[spring-webmvc-5.1.6.RELEASE.jar:5.1.6.RELEASE]
	at org.springframework.web.servlet.handler.AbstractHandlerMethodMapping.afterPropertiesSet(AbstractHandlerMethodMapping.java:199) ~[spring-webmvc-5.1.6.RELEASE.jar:5.1.6.RELEASE]
	at org.springframework.web.servlet.mvc.method.annotation.RequestMappingHandlerMapping.afterPropertiesSet(RequestMappingHandlerMapping.java:164) ~[spring-webmvc-5.1.6.RELEASE.jar:5.1.6.RELEASE]
	at org.springframework.beans.factory.support.AbstractAutowireCapableBeanFactory.invokeInitMethods(AbstractAutowireCapableBeanFactory.java:1837) ~[spring-beans-5.1.6.RELEASE.jar:5.1.6.RELEASE]
	at org.springframework.beans.factory.support.AbstractAutowireCapableBeanFactory.initializeBean(AbstractAutowireCapableBeanFactory.java:1774) ~[spring-beans-5.1.6.RELEASE.jar:5.1.6.RELEASE]
	... 21 common frames omitted

2020-01-20 15:21:24.135  INFO 10632 --- [restartedMain] c.mci.pma.ProjectManagementApplication   : Starting ProjectManagementApplication on DESKTOP-TRHK1TH with PID 10632 (D:\Tuto\Workspace\spring\project-management\target\classes started by Gzmar in D:\Tuto\Workspace\spring\project-management)
2020-01-20 15:21:24.135 DEBUG 10632 --- [restartedMain] c.mci.pma.ProjectManagementApplication   : Running with Spring Boot v2.1.4.RELEASE, Spring v5.1.6.RELEASE
2020-01-20 15:21:24.135  INFO 10632 --- [restartedMain] c.mci.pma.ProjectManagementApplication   : The following profiles are active: dev
2020-01-20 15:21:24.387  INFO 10632 --- [restartedMain] .s.d.r.c.RepositoryConfigurationDelegate : Bootstrapping Spring Data repositories in DEFAULT mode.
2020-01-20 15:21:24.401  INFO 10632 --- [restartedMain] .s.d.r.c.RepositoryConfigurationDelegate : Finished Spring Data repository scanning in 14ms. Found 3 repository interfaces.
2020-01-20 15:21:24.451  INFO 10632 --- [restartedMain] trationDelegate$BeanPostProcessorChecker : Bean 'org.springframework.transaction.annotation.ProxyTransactionManagementConfiguration' of type [org.springframework.transaction.annotation.ProxyTransactionManagementConfiguration$$EnhancerBySpringCGLIB$$bec1cb33] is not eligible for getting processed by all BeanPostProcessors (for example: not eligible for auto-proxying)
2020-01-20 15:21:24.588  INFO 10632 --- [restartedMain] o.s.b.w.embedded.tomcat.TomcatWebServer  : Tomcat initialized with port(s): 8080 (http)
2020-01-20 15:21:24.611  INFO 10632 --- [restartedMain] o.s.web.context.ContextLoader            : Root WebApplicationContext: initialization completed in 474 ms
2020-01-20 15:21:24.883  INFO 10632 --- [restartedMain] j.LocalContainerEntityManagerFactoryBean : Initialized JPA EntityManagerFactory for persistence unit 'default'
2020-01-20 15:21:25.052  INFO 10632 --- [restartedMain] o.s.s.web.DefaultSecurityFilterChain     : Creating filter chain: any request, [org.springframework.security.web.context.request.async.WebAsyncManagerIntegrationFilter@6c14ab61, org.springframework.security.web.context.SecurityContextPersistenceFilter@3246268e, org.springframework.security.web.header.HeaderWriterFilter@7a74ed5d, org.springframework.security.web.authentication.logout.LogoutFilter@3b0c981c, org.springframework.security.web.authentication.UsernamePasswordAuthenticationFilter@7200205d, org.springframework.security.web.authentication.ui.DefaultLoginPageGeneratingFilter@38fdabdb, org.springframework.security.web.authentication.ui.DefaultLogoutPageGeneratingFilter@7880af33, org.springframework.security.web.savedrequest.RequestCacheAwareFilter@45f678bb, org.springframework.security.web.servletapi.SecurityContextHolderAwareRequestFilter@18b56b5d, org.springframework.security.web.authentication.AnonymousAuthenticationFilter@1d805da3, org.springframework.security.web.session.SessionManagementFilter@f75f3bb, org.springframework.security.web.access.ExceptionTranslationFilter@13bc9f72, org.springframework.security.web.access.intercept.FilterSecurityInterceptor@6b21d898]
2020-01-20 15:21:25.107  INFO 10632 --- [restartedMain] o.s.s.concurrent.ThreadPoolTaskExecutor  : Initializing ExecutorService 'applicationTaskExecutor'
2020-01-20 15:21:25.114  WARN 10632 --- [restartedMain] aWebConfiguration$JpaWebMvcConfiguration : spring.jpa.open-in-view is enabled by default. Therefore, database queries may be performed during view rendering. Explicitly configure spring.jpa.open-in-view to disable this warning
2020-01-20 15:21:25.213  INFO 10632 --- [restartedMain] o.s.b.d.a.OptionalLiveReloadServer       : LiveReload server is running on port 35729
2020-01-20 15:21:25.235  INFO 10632 --- [restartedMain] o.s.b.w.embedded.tomcat.TomcatWebServer  : Tomcat started on port(s): 8080 (http) with context path ''
2020-01-20 15:21:25.235  INFO 10632 --- [restartedMain] c.mci.pma.ProjectManagementApplication   : Started ProjectManagementApplication in 1.124 seconds (JVM running for 785.387)
2020-01-20 15:21:25.241  INFO 10632 --- [restartedMain] .ConditionEvaluationDeltaLoggingListener : Condition evaluation unchanged
2020-01-20 15:26:32.204  INFO 10632 --- [Thread-17] o.s.s.concurrent.ThreadPoolTaskExecutor  : Shutting down ExecutorService 'applicationTaskExecutor'
2020-01-20 15:26:32.205  INFO 10632 --- [Thread-17] j.LocalContainerEntityManagerFactoryBean : Closing JPA EntityManagerFactory for persistence unit 'default'
2020-01-20 15:26:32.608  INFO 10632 --- [restartedMain] c.mci.pma.ProjectManagementApplication   : Starting ProjectManagementApplication on DESKTOP-TRHK1TH with PID 10632 (D:\Tuto\Workspace\spring\project-management\target\classes started by Gzmar in D:\Tuto\Workspace\spring\project-management)
2020-01-20 15:26:32.608 DEBUG 10632 --- [restartedMain] c.mci.pma.ProjectManagementApplication   : Running with Spring Boot v2.1.4.RELEASE, Spring v5.1.6.RELEASE
2020-01-20 15:26:32.609  INFO 10632 --- [restartedMain] c.mci.pma.ProjectManagementApplication   : The following profiles are active: dev
2020-01-20 15:26:32.818  INFO 10632 --- [restartedMain] .s.d.r.c.RepositoryConfigurationDelegate : Bootstrapping Spring Data repositories in DEFAULT mode.
2020-01-20 15:26:32.832  INFO 10632 --- [restartedMain] .s.d.r.c.RepositoryConfigurationDelegate : Finished Spring Data repository scanning in 14ms. Found 3 repository interfaces.
2020-01-20 15:26:32.885  INFO 10632 --- [restartedMain] trationDelegate$BeanPostProcessorChecker : Bean 'org.springframework.transaction.annotation.ProxyTransactionManagementConfiguration' of type [org.springframework.transaction.annotation.ProxyTransactionManagementConfiguration$$EnhancerBySpringCGLIB$$bec1cb33] is not eligible for getting processed by all BeanPostProcessors (for example: not eligible for auto-proxying)
2020-01-20 15:26:33.042  INFO 10632 --- [restartedMain] o.s.b.w.embedded.tomcat.TomcatWebServer  : Tomcat initialized with port(s): 8080 (http)
2020-01-20 15:26:33.062  INFO 10632 --- [restartedMain] o.s.web.context.ContextLoader            : Root WebApplicationContext: initialization completed in 452 ms
2020-01-20 15:26:33.326  INFO 10632 --- [restartedMain] j.LocalContainerEntityManagerFactoryBean : Initialized JPA EntityManagerFactory for persistence unit 'default'
2020-01-20 15:26:33.467  INFO 10632 --- [restartedMain] o.s.s.web.DefaultSecurityFilterChain     : Creating filter chain: any request, [org.springframework.security.web.context.request.async.WebAsyncManagerIntegrationFilter@180bfde1, org.springframework.security.web.context.SecurityContextPersistenceFilter@6d55f1a2, org.springframework.security.web.header.HeaderWriterFilter@2ab7a881, org.springframework.security.web.authentication.logout.LogoutFilter@d2d4d47, org.springframework.security.web.authentication.UsernamePasswordAuthenticationFilter@79546de9, org.springframework.security.web.authentication.ui.DefaultLoginPageGeneratingFilter@4fb77df2, org.springframework.security.web.authentication.ui.DefaultLogoutPageGeneratingFilter@147c31dc, org.springframework.security.web.savedrequest.RequestCacheAwareFilter@cf70e95, org.springframework.security.web.servletapi.SecurityContextHolderAwareRequestFilter@1b934c2a, org.springframework.security.web.authentication.AnonymousAuthenticationFilter@55c3c82c, org.springframework.security.web.session.SessionManagementFilter@6c6702e8, org.springframework.security.web.access.ExceptionTranslationFilter@17cec1bc, org.springframework.security.web.access.intercept.FilterSecurityInterceptor@4bd155fa]
2020-01-20 15:26:33.548  INFO 10632 --- [restartedMain] o.s.s.concurrent.ThreadPoolTaskExecutor  : Initializing ExecutorService 'applicationTaskExecutor'
2020-01-20 15:26:33.567  WARN 10632 --- [restartedMain] aWebConfiguration$JpaWebMvcConfiguration : spring.jpa.open-in-view is enabled by default. Therefore, database queries may be performed during view rendering. Explicitly configure spring.jpa.open-in-view to disable this warning
2020-01-20 15:26:33.731  INFO 10632 --- [restartedMain] o.s.b.d.a.OptionalLiveReloadServer       : LiveReload server is running on port 35729
2020-01-20 15:26:33.773  INFO 10632 --- [restartedMain] o.s.b.w.embedded.tomcat.TomcatWebServer  : Tomcat started on port(s): 8080 (http) with context path ''
2020-01-20 15:26:33.774  INFO 10632 --- [restartedMain] c.mci.pma.ProjectManagementApplication   : Started ProjectManagementApplication in 1.191 seconds (JVM running for 1093.925)
2020-01-20 15:26:33.778  INFO 10632 --- [restartedMain] .ConditionEvaluationDeltaLoggingListener : Condition evaluation unchanged
2020-01-20 15:26:48.318  INFO 10632 --- [Thread-30] o.s.s.concurrent.ThreadPoolTaskExecutor  : Shutting down ExecutorService 'applicationTaskExecutor'
2020-01-20 15:26:48.319  INFO 10632 --- [Thread-30] j.LocalContainerEntityManagerFactoryBean : Closing JPA EntityManagerFactory for persistence unit 'default'
2020-01-20 15:26:48.720  INFO 10632 --- [restartedMain] c.mci.pma.ProjectManagementApplication   : Starting ProjectManagementApplication on DESKTOP-TRHK1TH with PID 10632 (D:\Tuto\Workspace\spring\project-management\target\classes started by Gzmar in D:\Tuto\Workspace\spring\project-management)
2020-01-20 15:26:48.720 DEBUG 10632 --- [restartedMain] c.mci.pma.ProjectManagementApplication   : Running with Spring Boot v2.1.4.RELEASE, Spring v5.1.6.RELEASE
2020-01-20 15:26:48.720  INFO 10632 --- [restartedMain] c.mci.pma.ProjectManagementApplication   : The following profiles are active: dev
2020-01-20 15:26:48.913  INFO 10632 --- [restartedMain] .s.d.r.c.RepositoryConfigurationDelegate : Bootstrapping Spring Data repositories in DEFAULT mode.
2020-01-20 15:26:48.928  INFO 10632 --- [restartedMain] .s.d.r.c.RepositoryConfigurationDelegate : Finished Spring Data repository scanning in 14ms. Found 3 repository interfaces.
2020-01-20 15:26:48.975  INFO 10632 --- [restartedMain] trationDelegate$BeanPostProcessorChecker : Bean 'org.springframework.transaction.annotation.ProxyTransactionManagementConfiguration' of type [org.springframework.transaction.annotation.ProxyTransactionManagementConfiguration$$EnhancerBySpringCGLIB$$bec1cb33] is not eligible for getting processed by all BeanPostProcessors (for example: not eligible for auto-proxying)
2020-01-20 15:26:49.109  INFO 10632 --- [restartedMain] o.s.b.w.embedded.tomcat.TomcatWebServer  : Tomcat initialized with port(s): 8080 (http)
2020-01-20 15:26:49.126  INFO 10632 --- [restartedMain] o.s.web.context.ContextLoader            : Root WebApplicationContext: initialization completed in 404 ms
2020-01-20 15:26:49.376  INFO 10632 --- [restartedMain] j.LocalContainerEntityManagerFactoryBean : Initialized JPA EntityManagerFactory for persistence unit 'default'
2020-01-20 15:26:49.537  INFO 10632 --- [restartedMain] o.s.s.web.DefaultSecurityFilterChain     : Creating filter chain: any request, [org.springframework.security.web.context.request.async.WebAsyncManagerIntegrationFilter@540e4327, org.springframework.security.web.context.SecurityContextPersistenceFilter@57a84fcb, org.springframework.security.web.header.HeaderWriterFilter@391378ac, org.springframework.security.web.authentication.logout.LogoutFilter@757f51e9, org.springframework.security.web.authentication.UsernamePasswordAuthenticationFilter@3dce24dd, org.springframework.security.web.authentication.ui.DefaultLoginPageGeneratingFilter@603c9c32, org.springframework.security.web.authentication.ui.DefaultLogoutPageGeneratingFilter@52b8b784, org.springframework.security.web.savedrequest.RequestCacheAwareFilter@78651a1d, org.springframework.security.web.servletapi.SecurityContextHolderAwareRequestFilter@5a11dba5, org.springframework.security.web.authentication.AnonymousAuthenticationFilter@68c1e3d5, org.springframework.security.web.session.SessionManagementFilter@434f3b1e, org.springframework.security.web.access.ExceptionTranslationFilter@7d8a5d0e, org.springframework.security.web.access.intercept.FilterSecurityInterceptor@646bc51b]
2020-01-20 15:26:49.602  INFO 10632 --- [restartedMain] o.s.s.concurrent.ThreadPoolTaskExecutor  : Initializing ExecutorService 'applicationTaskExecutor'
2020-01-20 15:26:49.608  WARN 10632 --- [restartedMain] aWebConfiguration$JpaWebMvcConfiguration : spring.jpa.open-in-view is enabled by default. Therefore, database queries may be performed during view rendering. Explicitly configure spring.jpa.open-in-view to disable this warning
2020-01-20 15:26:49.697  INFO 10632 --- [restartedMain] o.s.b.d.a.OptionalLiveReloadServer       : LiveReload server is running on port 35729
2020-01-20 15:26:49.725  INFO 10632 --- [restartedMain] o.s.b.w.embedded.tomcat.TomcatWebServer  : Tomcat started on port(s): 8080 (http) with context path ''
2020-01-20 15:26:49.726  INFO 10632 --- [restartedMain] c.mci.pma.ProjectManagementApplication   : Started ProjectManagementApplication in 1.026 seconds (JVM running for 1109.877)
2020-01-20 15:26:49.729  INFO 10632 --- [restartedMain] .ConditionEvaluationDeltaLoggingListener : Condition evaluation unchanged
2020-01-20 15:29:03.592  INFO 10632 --- [Thread-39] o.s.s.concurrent.ThreadPoolTaskExecutor  : Shutting down ExecutorService 'applicationTaskExecutor'
2020-01-20 15:29:03.594  INFO 10632 --- [Thread-39] j.LocalContainerEntityManagerFactoryBean : Closing JPA EntityManagerFactory for persistence unit 'default'
2020-01-20 15:29:03.922  INFO 10632 --- [restartedMain] c.mci.pma.ProjectManagementApplication   : Starting ProjectManagementApplication on DESKTOP-TRHK1TH with PID 10632 (D:\Tuto\Workspace\spring\project-management\target\classes started by Gzmar in D:\Tuto\Workspace\spring\project-management)
2020-01-20 15:29:03.922 DEBUG 10632 --- [restartedMain] c.mci.pma.ProjectManagementApplication   : Running with Spring Boot v2.1.4.RELEASE, Spring v5.1.6.RELEASE
2020-01-20 15:29:03.923  INFO 10632 --- [restartedMain] c.mci.pma.ProjectManagementApplication   : The following profiles are active: dev
2020-01-20 15:29:04.139  INFO 10632 --- [restartedMain] .s.d.r.c.RepositoryConfigurationDelegate : Bootstrapping Spring Data repositories in DEFAULT mode.
2020-01-20 15:29:04.152  INFO 10632 --- [restartedMain] .s.d.r.c.RepositoryConfigurationDelegate : Finished Spring Data repository scanning in 13ms. Found 3 repository interfaces.
2020-01-20 15:29:04.195  INFO 10632 --- [restartedMain] trationDelegate$BeanPostProcessorChecker : Bean 'org.springframework.transaction.annotation.ProxyTransactionManagementConfiguration' of type [org.springframework.transaction.annotation.ProxyTransactionManagementConfiguration$$EnhancerBySpringCGLIB$$bec1cb33] is not eligible for getting processed by all BeanPostProcessors (for example: not eligible for auto-proxying)
2020-01-20 15:29:04.313  INFO 10632 --- [restartedMain] o.s.b.w.embedded.tomcat.TomcatWebServer  : Tomcat initialized with port(s): 8080 (http)
2020-01-20 15:29:04.329  INFO 10632 --- [restartedMain] o.s.web.context.ContextLoader            : Root WebApplicationContext: initialization completed in 405 ms
2020-01-20 15:29:04.579  INFO 10632 --- [restartedMain] j.LocalContainerEntityManagerFactoryBean : Initialized JPA EntityManagerFactory for persistence unit 'default'
2020-01-20 15:29:04.700  INFO 10632 --- [restartedMain] o.s.s.web.DefaultSecurityFilterChain     : Creating filter chain: any request, [org.springframework.security.web.context.request.async.WebAsyncManagerIntegrationFilter@72337cd4, org.springframework.security.web.context.SecurityContextPersistenceFilter@76739f59, org.springframework.security.web.header.HeaderWriterFilter@22bb963c, org.springframework.security.web.authentication.logout.LogoutFilter@71fdc547, org.springframework.security.web.authentication.UsernamePasswordAuthenticationFilter@3996e914, org.springframework.security.web.authentication.ui.DefaultLoginPageGeneratingFilter@1b1e082a, org.springframework.security.web.authentication.ui.DefaultLogoutPageGeneratingFilter@7a080524, org.springframework.security.web.savedrequest.RequestCacheAwareFilter@364b689, org.springframework.security.web.servletapi.SecurityContextHolderAwareRequestFilter@7d10caaf, org.springframework.security.web.authentication.AnonymousAuthenticationFilter@53dfc802, org.springframework.security.web.session.SessionManagementFilter@67403502, org.springframework.security.web.access.ExceptionTranslationFilter@118c8dcb, org.springframework.security.web.access.intercept.FilterSecurityInterceptor@4a5c744b]
2020-01-20 15:29:04.749  INFO 10632 --- [restartedMain] o.s.s.concurrent.ThreadPoolTaskExecutor  : Initializing ExecutorService 'applicationTaskExecutor'
2020-01-20 15:29:04.754  WARN 10632 --- [restartedMain] aWebConfiguration$JpaWebMvcConfiguration : spring.jpa.open-in-view is enabled by default. Therefore, database queries may be performed during view rendering. Explicitly configure spring.jpa.open-in-view to disable this warning
2020-01-20 15:29:04.839  INFO 10632 --- [restartedMain] o.s.b.d.a.OptionalLiveReloadServer       : LiveReload server is running on port 35729
2020-01-20 15:29:04.856  INFO 10632 --- [restartedMain] o.s.b.w.embedded.tomcat.TomcatWebServer  : Tomcat started on port(s): 8080 (http) with context path ''
2020-01-20 15:29:04.857  INFO 10632 --- [restartedMain] c.mci.pma.ProjectManagementApplication   : Started ProjectManagementApplication in 0.955 seconds (JVM running for 1245.008)
2020-01-20 15:29:04.859  INFO 10632 --- [restartedMain] .ConditionEvaluationDeltaLoggingListener : Condition evaluation unchanged
2020-01-20 15:29:10.340  INFO 10632 --- [Thread-48] o.s.s.concurrent.ThreadPoolTaskExecutor  : Shutting down ExecutorService 'applicationTaskExecutor'
2020-01-20 15:29:10.341  INFO 10632 --- [Thread-48] j.LocalContainerEntityManagerFactoryBean : Closing JPA EntityManagerFactory for persistence unit 'default'
2020-01-20 15:29:10.714  INFO 10632 --- [restartedMain] c.mci.pma.ProjectManagementApplication   : Starting ProjectManagementApplication on DESKTOP-TRHK1TH with PID 10632 (D:\Tuto\Workspace\spring\project-management\target\classes started by Gzmar in D:\Tuto\Workspace\spring\project-management)
2020-01-20 15:29:10.714 DEBUG 10632 --- [restartedMain] c.mci.pma.ProjectManagementApplication   : Running with Spring Boot v2.1.4.RELEASE, Spring v5.1.6.RELEASE
2020-01-20 15:29:10.714  INFO 10632 --- [restartedMain] c.mci.pma.ProjectManagementApplication   : The following profiles are active: dev
2020-01-20 15:29:10.880  INFO 10632 --- [restartedMain] .s.d.r.c.RepositoryConfigurationDelegate : Bootstrapping Spring Data repositories in DEFAULT mode.
2020-01-20 15:29:10.893  INFO 10632 --- [restartedMain] .s.d.r.c.RepositoryConfigurationDelegate : Finished Spring Data repository scanning in 13ms. Found 3 repository interfaces.
2020-01-20 15:29:10.934  INFO 10632 --- [restartedMain] trationDelegate$BeanPostProcessorChecker : Bean 'org.springframework.transaction.annotation.ProxyTransactionManagementConfiguration' of type [org.springframework.transaction.annotation.ProxyTransactionManagementConfiguration$$EnhancerBySpringCGLIB$$bec1cb33] is not eligible for getting processed by all BeanPostProcessors (for example: not eligible for auto-proxying)
2020-01-20 15:29:11.056  INFO 10632 --- [restartedMain] o.s.b.w.embedded.tomcat.TomcatWebServer  : Tomcat initialized with port(s): 8080 (http)
2020-01-20 15:29:11.071  INFO 10632 --- [restartedMain] o.s.web.context.ContextLoader            : Root WebApplicationContext: initialization completed in 355 ms
2020-01-20 15:29:11.305  INFO 10632 --- [restartedMain] j.LocalContainerEntityManagerFactoryBean : Initialized JPA EntityManagerFactory for persistence unit 'default'
2020-01-20 15:29:11.424  INFO 10632 --- [restartedMain] o.s.s.web.DefaultSecurityFilterChain     : Creating filter chain: any request, [org.springframework.security.web.context.request.async.WebAsyncManagerIntegrationFilter@23cc733, org.springframework.security.web.context.SecurityContextPersistenceFilter@6866f960, org.springframework.security.web.header.HeaderWriterFilter@7b2100e1, org.springframework.security.web.authentication.logout.LogoutFilter@64431f74, org.springframework.security.web.authentication.UsernamePasswordAuthenticationFilter@2a1b9b78, org.springframework.security.web.authentication.ui.DefaultLoginPageGeneratingFilter@3b314c8b, org.springframework.security.web.authentication.ui.DefaultLogoutPageGeneratingFilter@449f448e, org.springframework.security.web.savedrequest.RequestCacheAwareFilter@801d79, org.springframework.security.web.servletapi.SecurityContextHolderAwareRequestFilter@73d52380, org.springframework.security.web.authentication.AnonymousAuthenticationFilter@5d27c408, org.springframework.security.web.session.SessionManagementFilter@61c53d2c, org.springframework.security.web.access.ExceptionTranslationFilter@43b56762, org.springframework.security.web.access.intercept.FilterSecurityInterceptor@7b6c49bc]
2020-01-20 15:29:11.474  INFO 10632 --- [restartedMain] o.s.s.concurrent.ThreadPoolTaskExecutor  : Initializing ExecutorService 'applicationTaskExecutor'
2020-01-20 15:29:11.480  WARN 10632 --- [restartedMain] aWebConfiguration$JpaWebMvcConfiguration : spring.jpa.open-in-view is enabled by default. Therefore, database queries may be performed during view rendering. Explicitly configure spring.jpa.open-in-view to disable this warning
2020-01-20 15:29:11.577  INFO 10632 --- [restartedMain] o.s.b.d.a.OptionalLiveReloadServer       : LiveReload server is running on port 35729
2020-01-20 15:29:11.613  INFO 10632 --- [restartedMain] o.s.b.w.embedded.tomcat.TomcatWebServer  : Tomcat started on port(s): 8080 (http) with context path ''
2020-01-20 15:29:11.613  INFO 10632 --- [restartedMain] c.mci.pma.ProjectManagementApplication   : Started ProjectManagementApplication in 0.92 seconds (JVM running for 1251.765)
2020-01-20 15:29:11.619  INFO 10632 --- [restartedMain] .ConditionEvaluationDeltaLoggingListener : Condition evaluation unchanged
2020-01-20 15:29:19.058  INFO 10632 --- [Thread-57] o.s.s.concurrent.ThreadPoolTaskExecutor  : Shutting down ExecutorService 'applicationTaskExecutor'
2020-01-20 15:29:19.059  INFO 10632 --- [Thread-57] j.LocalContainerEntityManagerFactoryBean : Closing JPA EntityManagerFactory for persistence unit 'default'
2020-01-20 15:29:19.384  INFO 10632 --- [restartedMain] c.mci.pma.ProjectManagementApplication   : Starting ProjectManagementApplication on DESKTOP-TRHK1TH with PID 10632 (D:\Tuto\Workspace\spring\project-management\target\classes started by Gzmar in D:\Tuto\Workspace\spring\project-management)
2020-01-20 15:29:19.384 DEBUG 10632 --- [restartedMain] c.mci.pma.ProjectManagementApplication   : Running with Spring Boot v2.1.4.RELEASE, Spring v5.1.6.RELEASE
2020-01-20 15:29:19.384  INFO 10632 --- [restartedMain] c.mci.pma.ProjectManagementApplication   : The following profiles are active: dev
2020-01-20 15:29:19.563  INFO 10632 --- [restartedMain] .s.d.r.c.RepositoryConfigurationDelegate : Bootstrapping Spring Data repositories in DEFAULT mode.
2020-01-20 15:29:19.575  INFO 10632 --- [restartedMain] .s.d.r.c.RepositoryConfigurationDelegate : Finished Spring Data repository scanning in 12ms. Found 3 repository interfaces.
2020-01-20 15:29:19.618  INFO 10632 --- [restartedMain] trationDelegate$BeanPostProcessorChecker : Bean 'org.springframework.transaction.annotation.ProxyTransactionManagementConfiguration' of type [org.springframework.transaction.annotation.ProxyTransactionManagementConfiguration$$EnhancerBySpringCGLIB$$bec1cb33] is not eligible for getting processed by all BeanPostProcessors (for example: not eligible for auto-proxying)
2020-01-20 15:29:19.736  INFO 10632 --- [restartedMain] o.s.b.w.embedded.tomcat.TomcatWebServer  : Tomcat initialized with port(s): 8080 (http)
2020-01-20 15:29:19.753  INFO 10632 --- [restartedMain] o.s.web.context.ContextLoader            : Root WebApplicationContext: initialization completed in 367 ms
2020-01-20 15:29:19.985  INFO 10632 --- [restartedMain] j.LocalContainerEntityManagerFactoryBean : Initialized JPA EntityManagerFactory for persistence unit 'default'
2020-01-20 15:29:20.111  INFO 10632 --- [restartedMain] o.s.s.web.DefaultSecurityFilterChain     : Creating filter chain: any request, [org.springframework.security.web.context.request.async.WebAsyncManagerIntegrationFilter@d08292b, org.springframework.security.web.context.SecurityContextPersistenceFilter@3639f75e, org.springframework.security.web.header.HeaderWriterFilter@21f24972, org.springframework.security.web.authentication.logout.LogoutFilter@543faa00, org.springframework.security.web.authentication.UsernamePasswordAuthenticationFilter@752369de, org.springframework.security.web.authentication.ui.DefaultLoginPageGeneratingFilter@2d453bf1, org.springframework.security.web.authentication.ui.DefaultLogoutPageGeneratingFilter@1c315c71, org.springframework.security.web.savedrequest.RequestCacheAwareFilter@62011706, org.springframework.security.web.servletapi.SecurityContextHolderAwareRequestFilter@510b7bed, org.springframework.security.web.authentication.AnonymousAuthenticationFilter@61ae0f96, org.springframework.security.web.session.SessionManagementFilter@7a30c055, org.springframework.security.web.access.ExceptionTranslationFilter@357c2215, org.springframework.security.web.access.intercept.FilterSecurityInterceptor@5cb42ad3]
2020-01-20 15:29:20.159  INFO 10632 --- [restartedMain] o.s.s.concurrent.ThreadPoolTaskExecutor  : Initializing ExecutorService 'applicationTaskExecutor'
2020-01-20 15:29:20.166  WARN 10632 --- [restartedMain] aWebConfiguration$JpaWebMvcConfiguration : spring.jpa.open-in-view is enabled by default. Therefore, database queries may be performed during view rendering. Explicitly configure spring.jpa.open-in-view to disable this warning
2020-01-20 15:29:20.250  INFO 10632 --- [restartedMain] o.s.b.d.a.OptionalLiveReloadServer       : LiveReload server is running on port 35729
2020-01-20 15:29:20.275  INFO 10632 --- [restartedMain] o.s.b.w.embedded.tomcat.TomcatWebServer  : Tomcat started on port(s): 8080 (http) with context path ''
2020-01-20 15:29:20.276  INFO 10632 --- [restartedMain] c.mci.pma.ProjectManagementApplication   : Started ProjectManagementApplication in 0.911 seconds (JVM running for 1260.427)
2020-01-20 15:29:20.280  INFO 10632 --- [restartedMain] .ConditionEvaluationDeltaLoggingListener : Condition evaluation unchanged
2020-01-20 15:35:29.677  INFO 10632 --- [Thread-66] o.s.s.concurrent.ThreadPoolTaskExecutor  : Shutting down ExecutorService 'applicationTaskExecutor'
2020-01-20 15:35:29.683  INFO 10632 --- [Thread-66] j.LocalContainerEntityManagerFactoryBean : Closing JPA EntityManagerFactory for persistence unit 'default'
2020-01-20 15:35:30.110  INFO 10632 --- [restartedMain] c.mci.pma.ProjectManagementApplication   : Starting ProjectManagementApplication on DESKTOP-TRHK1TH with PID 10632 (D:\Tuto\Workspace\spring\project-management\target\classes started by Gzmar in D:\Tuto\Workspace\spring\project-management)
2020-01-20 15:35:30.110 DEBUG 10632 --- [restartedMain] c.mci.pma.ProjectManagementApplication   : Running with Spring Boot v2.1.4.RELEASE, Spring v5.1.6.RELEASE
2020-01-20 15:35:30.110  INFO 10632 --- [restartedMain] c.mci.pma.ProjectManagementApplication   : The following profiles are active: dev
2020-01-20 15:35:30.298  INFO 10632 --- [restartedMain] .s.d.r.c.RepositoryConfigurationDelegate : Bootstrapping Spring Data repositories in DEFAULT mode.
2020-01-20 15:35:30.312  INFO 10632 --- [restartedMain] .s.d.r.c.RepositoryConfigurationDelegate : Finished Spring Data repository scanning in 14ms. Found 3 repository interfaces.
2020-01-20 15:35:30.359  INFO 10632 --- [restartedMain] trationDelegate$BeanPostProcessorChecker : Bean 'org.springframework.transaction.annotation.ProxyTransactionManagementConfiguration' of type [org.springframework.transaction.annotation.ProxyTransactionManagementConfiguration$$EnhancerBySpringCGLIB$$bec1cb33] is not eligible for getting processed by all BeanPostProcessors (for example: not eligible for auto-proxying)
2020-01-20 15:35:30.485  INFO 10632 --- [restartedMain] o.s.b.w.embedded.tomcat.TomcatWebServer  : Tomcat initialized with port(s): 8080 (http)
2020-01-20 15:35:30.501  INFO 10632 --- [restartedMain] o.s.web.context.ContextLoader            : Root WebApplicationContext: initialization completed in 389 ms
2020-01-20 15:35:30.839  INFO 10632 --- [restartedMain] j.LocalContainerEntityManagerFactoryBean : Initialized JPA EntityManagerFactory for persistence unit 'default'
2020-01-20 15:35:31.262  INFO 10632 --- [restartedMain] o.s.s.web.DefaultSecurityFilterChain     : Creating filter chain: any request, [org.springframework.security.web.context.request.async.WebAsyncManagerIntegrationFilter@422cd1f6, org.springframework.security.web.context.SecurityContextPersistenceFilter@18ddd59e, org.springframework.security.web.header.HeaderWriterFilter@f8927e3, org.springframework.security.web.authentication.logout.LogoutFilter@df09093, org.springframework.security.web.authentication.UsernamePasswordAuthenticationFilter@22a08267, org.springframework.security.web.authentication.ui.DefaultLoginPageGeneratingFilter@7b77db46, org.springframework.security.web.authentication.ui.DefaultLogoutPageGeneratingFilter@530e52ff, org.springframework.security.web.savedrequest.RequestCacheAwareFilter@34c950d5, org.springframework.security.web.servletapi.SecurityContextHolderAwareRequestFilter@7239df90, org.springframework.security.web.authentication.AnonymousAuthenticationFilter@3c87d6ec, org.springframework.security.web.session.SessionManagementFilter@60ad2d5c, org.springframework.security.web.access.ExceptionTranslationFilter@524fceee, org.springframework.security.web.access.intercept.FilterSecurityInterceptor@5a26b81a]
2020-01-20 15:35:31.385  INFO 10632 --- [restartedMain] o.s.s.concurrent.ThreadPoolTaskExecutor  : Initializing ExecutorService 'applicationTaskExecutor'
2020-01-20 15:35:31.396  WARN 10632 --- [restartedMain] aWebConfiguration$JpaWebMvcConfiguration : spring.jpa.open-in-view is enabled by default. Therefore, database queries may be performed during view rendering. Explicitly configure spring.jpa.open-in-view to disable this warning
2020-01-20 15:35:31.510  INFO 10632 --- [restartedMain] o.s.b.d.a.OptionalLiveReloadServer       : LiveReload server is running on port 35729
2020-01-20 15:35:31.535  INFO 10632 --- [restartedMain] o.s.b.w.embedded.tomcat.TomcatWebServer  : Tomcat started on port(s): 8080 (http) with context path ''
2020-01-20 15:35:31.536  INFO 10632 --- [restartedMain] c.mci.pma.ProjectManagementApplication   : Started ProjectManagementApplication in 1.444 seconds (JVM running for 1631.688)
2020-01-20 15:35:31.540  INFO 10632 --- [restartedMain] .ConditionEvaluationDeltaLoggingListener : Condition evaluation unchanged
2020-01-20 15:36:14.256  INFO 10632 --- [http-nio-8080-exec-1] o.s.web.servlet.DispatcherServlet        : Initializing Servlet 'dispatcherServlet'
2020-01-20 15:36:14.263  INFO 10632 --- [http-nio-8080-exec-1] o.s.web.servlet.DispatcherServlet        : Completed initialization in 5 ms
2020-01-20 16:23:57.610  INFO 10632 --- [RMI TCP Connection(112)-127.0.0.1] inMXBeanRegistrar$SpringApplicationAdmin : Application shutdown requested.
2020-01-20 16:23:57.613  INFO 10632 --- [RMI TCP Connection(112)-127.0.0.1] o.s.s.concurrent.ThreadPoolTaskExecutor  : Shutting down ExecutorService 'applicationTaskExecutor'
2020-01-20 16:23:57.613  INFO 10632 --- [RMI TCP Connection(112)-127.0.0.1] j.LocalContainerEntityManagerFactoryBean : Closing JPA EntityManagerFactory for persistence unit 'default'
